m00,DFA,2,3,4615
m01,DFA,5,2,385
m02,DFA,4,2,385
m03,DFA,5,2,1856
m04,NFA,6,1,33
m05,DFA,6,2,3576
m06,DFA,5,3,5
m07,DFA,8,2,93
m08,DFA,8,2,93
m09,DFA,1,26,0
m10,DFA,1,26,10932
m11,NFA,2,22,22
m12,DFA,6,2,2122
m13,DFA,4,3,3338
m14,NFA,4,2,2646
m15,DFA,19,21,1878
m16,DFA,97,13,1009
m17,DFA,2,12,0
m18,DFA,6,16,0
m19,NFA,4,2,3288
m20,NFA,4,2,1292
m21,DFA,10,62,0
m22,NFA,3,2,4989
m23,DFA,62,19,1489
m24,DFA,15,15,0
m25,DFA,32,3,1413
m26,DFA,26,6,1695
m27,DFA,36,31,935
m28,DFA,13,17,2315
m29,DFA,39,11,1847
m30,DFA,17,39,2938
m31,DFA,4,3,2765
m32,DFA,5,7,3290
m33,DFA,16,26,3969
m34,DFA,3,2,3576
m35,DFA,13,33,2632
